got from db: B007JR532M
sending to updated asing: B007JR532M
requsting url: http://amzn.com/B007JR532M
discovering at: http://amzn.com/B00ZEV3HTC
requsting url: http://amzn.com/B00ZEV3HTC
recieved url: http://amzn.com/B00ZEV3HTC
discovering at: http://amzn.com/B00R2J0T34
requsting url: http://amzn.com/B00R2J0T34
recieved url: http://amzn.com/B00R2J0T34
discovering at: http://amzn.com/B00713055O
requsting url: http://amzn.com/B00713055O
recieved url: http://amzn.com/B00713055O
discovering at: http://amzn.com/B00NB81TLA
requsting url: http://amzn.com/B00NB81TLA
recieved url: http://amzn.com/B00NB81TLA
discovering at: http://amzn.com/B00V31V55L
requsting url: http://amzn.com/B00V31V55L
recieved url: http://amzn.com/B00V31V55L
discovering at: http://amzn.com/B00S71F7PR
requsting url: http://amzn.com/B00S71F7PR
recieved url: http://amzn.com/B00S71F7PR
discovering at: http://amzn.com/7319616996854
requsting url: http://amzn.com/7319616996854
recieved url: http://amzn.com/7319616996854
discovering at: http://amzn.com/2610630262170
requsting url: http://amzn.com/2610630262170
